2023-04-05 15:52:13  [ SourceCoordinator-Source: TableSourceScan(table=[[default_catalog, default_database, mysql_binlog]], fields=[id, name, description, weight]):0 ] - [ ERROR ]  Uncaught exception in the SplitEnumerator for Source Source: TableSourceScan(table=[[default_catalog, default_database, mysql_binlog]], fields=[id, name, description, weight]) while handling operator event RequestSplitEvent (host='') from subtask 0. Triggering job failover.
org.apache.flink.util.FlinkRuntimeException: Chunk splitting has encountered exception
	at com.ververica.cdc.connectors.mysql.source.assigners.MySqlSnapshotSplitAssigner.checkSplitterErrors(MySqlSnapshotSplitAssigner.java:412)
	at com.ververica.cdc.connectors.mysql.source.assigners.MySqlSnapshotSplitAssigner.getNext(MySqlSnapshotSplitAssigner.java:206)
	at com.ververica.cdc.connectors.mysql.source.assigners.MySqlSnapshotSplitAssigner.getNext(MySqlSnapshotSplitAssigner.java:224)
	at com.ververica.cdc.connectors.mysql.source.assigners.MySqlHybridSplitAssigner.getNext(MySqlHybridSplitAssigner.java:125)
	at com.ververica.cdc.connectors.mysql.source.enumerator.MySqlSourceEnumerator.assignSplits(MySqlSourceEnumerator.java:203)
	at com.ververica.cdc.connectors.mysql.source.enumerator.MySqlSourceEnumerator.handleSplitRequest(MySqlSourceEnumerator.java:119)
	at org.apache.flink.runtime.source.coordinator.SourceCoordinator.lambda$handleEventFromOperator$1(SourceCoordinator.java:157)
	at org.apache.flink.runtime.source.coordinator.SourceCoordinator.lambda$runInEventLoop$8(SourceCoordinator.java:329)
	at java.util.concurrent.Executors$RunnableAdapter.call(Executors.java:511)
	at java.util.concurrent.FutureTask.run(FutureTask.java:266)
	at java.util.concurrent.ScheduledThreadPoolExecutor$ScheduledFutureTask.access$201(ScheduledThreadPoolExecutor.java:180)
	at java.util.concurrent.ScheduledThreadPoolExecutor$ScheduledFutureTask.run(ScheduledThreadPoolExecutor.java:293)
	at java.util.concurrent.ThreadPoolExecutor.runWorker(ThreadPoolExecutor.java:1149)
	at java.util.concurrent.ThreadPoolExecutor$Worker.run(ThreadPoolExecutor.java:624)
	at java.lang.Thread.run(Thread.java:750)
Caused by: org.apache.flink.util.FlinkRuntimeException: Generate Splits for table flink_test.people error
	at com.ververica.cdc.connectors.mysql.source.assigners.ChunkSplitter.generateSplits(ChunkSplitter.java:115)
	at com.ververica.cdc.connectors.mysql.source.assigners.MySqlSnapshotSplitAssigner.splitChunksForRemainingTables(MySqlSnapshotSplitAssigner.java:390)
	at java.util.concurrent.Executors$RunnableAdapter.call(Executors.java:511)
	at java.util.concurrent.FutureTask.run(FutureTask.java:266)
	... 3 more
Caused by: org.apache.flink.table.api.ValidationException: Incremental snapshot for tables requires primary key, but table flink_test.people doesn't have primary key.
	at com.ververica.cdc.connectors.mysql.source.utils.ChunkUtils.getSplitColumn(ChunkUtils.java:63)
	at com.ververica.cdc.connectors.mysql.source.assigners.ChunkSplitter.generateSplits(ChunkSplitter.java:82)
	... 6 more
2023-04-05 15:54:58  [ Source Data Fetcher for Source: TableSourceScan(table=[[default_catalog, default_database, mysql_binlog]], fields=[id, name, description, weight]) -> NotNullEnforcer(fields=[id]) -> Sink: Collect table sink (1/1)#0:1 ] - [ ERROR ]  Received uncaught exception.
java.lang.NoSuchMethodError: com.mysql.cj.CharsetMapping.getJavaEncodingForMysqlCharset(Ljava/lang/String;)Ljava/lang/String;
	at io.debezium.connector.mysql.MySqlValueConverters.charsetFor(MySqlValueConverters.java:331)
	at io.debezium.connector.mysql.MySqlValueConverters.converter(MySqlValueConverters.java:298)
	at io.debezium.relational.TableSchemaBuilder.createValueConverterFor(TableSchemaBuilder.java:400)
	at io.debezium.relational.TableSchemaBuilder.convertersForColumns(TableSchemaBuilder.java:321)
	at io.debezium.relational.TableSchemaBuilder.createValueGenerator(TableSchemaBuilder.java:246)
	at io.debezium.relational.TableSchemaBuilder.create(TableSchemaBuilder.java:138)
	at io.debezium.relational.RelationalDatabaseSchema.buildAndRegisterSchema(RelationalDatabaseSchema.java:130)
	at io.debezium.relational.HistorizedRelationalDatabaseSchema.recover(HistorizedRelationalDatabaseSchema.java:52)
	at com.ververica.cdc.connectors.mysql.debezium.task.context.StatefulTaskContext.validateAndLoadDatabaseHistory(StatefulTaskContext.java:163)
	at com.ververica.cdc.connectors.mysql.debezium.task.context.StatefulTaskContext.configure(StatefulTaskContext.java:114)
	at com.ververica.cdc.connectors.mysql.debezium.reader.SnapshotSplitReader.submitSplit(SnapshotSplitReader.java:93)
	at com.ververica.cdc.connectors.mysql.debezium.reader.SnapshotSplitReader.submitSplit(SnapshotSplitReader.java:64)
	at com.ververica.cdc.connectors.mysql.source.reader.MySqlSplitReader.checkSplitOrStartNext(MySqlSplitReader.java:163)
	at com.ververica.cdc.connectors.mysql.source.reader.MySqlSplitReader.fetch(MySqlSplitReader.java:73)
	at org.apache.flink.connector.base.source.reader.fetcher.FetchTask.run(FetchTask.java:58)
	at org.apache.flink.connector.base.source.reader.fetcher.SplitFetcher.runOnce(SplitFetcher.java:142)
	at org.apache.flink.connector.base.source.reader.fetcher.SplitFetcher.run(SplitFetcher.java:105)
	at java.util.concurrent.Executors$RunnableAdapter.call(Executors.java:511)
	at java.util.concurrent.FutureTask.run(FutureTask.java:266)
	at java.util.concurrent.ThreadPoolExecutor.runWorker(ThreadPoolExecutor.java:1149)
	at java.util.concurrent.ThreadPoolExecutor$Worker.run(ThreadPoolExecutor.java:624)
	at java.lang.Thread.run(Thread.java:750)
2023-04-05 15:58:55  [ Source Data Fetcher for Source: TableSourceScan(table=[[default_catalog, default_database, mysql_binlog]], fields=[id, name, description, weight]) -> NotNullEnforcer(fields=[id]) -> Sink: Collect table sink (1/1)#0:0 ] - [ ERROR ]  Received uncaught exception.
java.lang.NoSuchMethodError: com.mysql.cj.CharsetMapping.getJavaEncodingForMysqlCharset(Ljava/lang/String;)Ljava/lang/String;
	at io.debezium.connector.mysql.MySqlValueConverters.charsetFor(MySqlValueConverters.java:331)
	at io.debezium.connector.mysql.MySqlValueConverters.converter(MySqlValueConverters.java:298)
	at io.debezium.relational.TableSchemaBuilder.createValueConverterFor(TableSchemaBuilder.java:400)
	at io.debezium.relational.TableSchemaBuilder.convertersForColumns(TableSchemaBuilder.java:321)
	at io.debezium.relational.TableSchemaBuilder.createValueGenerator(TableSchemaBuilder.java:246)
	at io.debezium.relational.TableSchemaBuilder.create(TableSchemaBuilder.java:138)
	at io.debezium.relational.RelationalDatabaseSchema.buildAndRegisterSchema(RelationalDatabaseSchema.java:130)
	at io.debezium.relational.HistorizedRelationalDatabaseSchema.recover(HistorizedRelationalDatabaseSchema.java:52)
	at com.ververica.cdc.connectors.mysql.debezium.task.context.StatefulTaskContext.validateAndLoadDatabaseHistory(StatefulTaskContext.java:163)
	at com.ververica.cdc.connectors.mysql.debezium.task.context.StatefulTaskContext.configure(StatefulTaskContext.java:114)
	at com.ververica.cdc.connectors.mysql.debezium.reader.SnapshotSplitReader.submitSplit(SnapshotSplitReader.java:93)
	at com.ververica.cdc.connectors.mysql.debezium.reader.SnapshotSplitReader.submitSplit(SnapshotSplitReader.java:64)
	at com.ververica.cdc.connectors.mysql.source.reader.MySqlSplitReader.checkSplitOrStartNext(MySqlSplitReader.java:163)
	at com.ververica.cdc.connectors.mysql.source.reader.MySqlSplitReader.fetch(MySqlSplitReader.java:73)
	at org.apache.flink.connector.base.source.reader.fetcher.FetchTask.run(FetchTask.java:58)
	at org.apache.flink.connector.base.source.reader.fetcher.SplitFetcher.runOnce(SplitFetcher.java:142)
	at org.apache.flink.connector.base.source.reader.fetcher.SplitFetcher.run(SplitFetcher.java:105)
	at java.util.concurrent.Executors$RunnableAdapter.call(Executors.java:511)
	at java.util.concurrent.FutureTask.run(FutureTask.java:266)
	at java.util.concurrent.ThreadPoolExecutor.runWorker(ThreadPoolExecutor.java:1149)
	at java.util.concurrent.ThreadPoolExecutor$Worker.run(ThreadPoolExecutor.java:624)
	at java.lang.Thread.run(Thread.java:750)
2023-04-05 15:58:56  [ Source Data Fetcher for Source: TableSourceScan(table=[[default_catalog, default_database, mysql_binlog]], fields=[id, name, description, weight]) -> NotNullEnforcer(fields=[id]) -> Sink: Collect table sink (1/1)#1:1187 ] - [ ERROR ]  Received uncaught exception.
java.lang.NoSuchMethodError: com.mysql.cj.CharsetMapping.getJavaEncodingForMysqlCharset(Ljava/lang/String;)Ljava/lang/String;
	at io.debezium.connector.mysql.MySqlValueConverters.charsetFor(MySqlValueConverters.java:331)
	at io.debezium.connector.mysql.MySqlValueConverters.converter(MySqlValueConverters.java:298)
	at io.debezium.relational.TableSchemaBuilder.createValueConverterFor(TableSchemaBuilder.java:400)
	at io.debezium.relational.TableSchemaBuilder.convertersForColumns(TableSchemaBuilder.java:321)
	at io.debezium.relational.TableSchemaBuilder.createValueGenerator(TableSchemaBuilder.java:246)
	at io.debezium.relational.TableSchemaBuilder.create(TableSchemaBuilder.java:138)
	at io.debezium.relational.RelationalDatabaseSchema.buildAndRegisterSchema(RelationalDatabaseSchema.java:130)
	at io.debezium.relational.HistorizedRelationalDatabaseSchema.recover(HistorizedRelationalDatabaseSchema.java:52)
	at com.ververica.cdc.connectors.mysql.debezium.task.context.StatefulTaskContext.validateAndLoadDatabaseHistory(StatefulTaskContext.java:163)
	at com.ververica.cdc.connectors.mysql.debezium.task.context.StatefulTaskContext.configure(StatefulTaskContext.java:114)
	at com.ververica.cdc.connectors.mysql.debezium.reader.SnapshotSplitReader.submitSplit(SnapshotSplitReader.java:93)
	at com.ververica.cdc.connectors.mysql.debezium.reader.SnapshotSplitReader.submitSplit(SnapshotSplitReader.java:64)
	at com.ververica.cdc.connectors.mysql.source.reader.MySqlSplitReader.checkSplitOrStartNext(MySqlSplitReader.java:163)
	at com.ververica.cdc.connectors.mysql.source.reader.MySqlSplitReader.fetch(MySqlSplitReader.java:73)
	at org.apache.flink.connector.base.source.reader.fetcher.FetchTask.run(FetchTask.java:58)
	at org.apache.flink.connector.base.source.reader.fetcher.SplitFetcher.runOnce(SplitFetcher.java:142)
	at org.apache.flink.connector.base.source.reader.fetcher.SplitFetcher.run(SplitFetcher.java:105)
	at java.util.concurrent.Executors$RunnableAdapter.call(Executors.java:511)
	at java.util.concurrent.FutureTask.run(FutureTask.java:266)
	at java.util.concurrent.ThreadPoolExecutor.runWorker(ThreadPoolExecutor.java:1149)
	at java.util.concurrent.ThreadPoolExecutor$Worker.run(ThreadPoolExecutor.java:624)
	at java.lang.Thread.run(Thread.java:750)
2023-04-05 15:58:57  [ Source Data Fetcher for Source: TableSourceScan(table=[[default_catalog, default_database, mysql_binlog]], fields=[id, name, description, weight]) -> NotNullEnforcer(fields=[id]) -> Sink: Collect table sink (1/1)#2:2239 ] - [ ERROR ]  Received uncaught exception.
java.lang.NoSuchMethodError: com.mysql.cj.CharsetMapping.getJavaEncodingForMysqlCharset(Ljava/lang/String;)Ljava/lang/String;
	at io.debezium.connector.mysql.MySqlValueConverters.charsetFor(MySqlValueConverters.java:331)
	at io.debezium.connector.mysql.MySqlValueConverters.converter(MySqlValueConverters.java:298)
	at io.debezium.relational.TableSchemaBuilder.createValueConverterFor(TableSchemaBuilder.java:400)
	at io.debezium.relational.TableSchemaBuilder.convertersForColumns(TableSchemaBuilder.java:321)
	at io.debezium.relational.TableSchemaBuilder.createValueGenerator(TableSchemaBuilder.java:246)
	at io.debezium.relational.TableSchemaBuilder.create(TableSchemaBuilder.java:138)
	at io.debezium.relational.RelationalDatabaseSchema.buildAndRegisterSchema(RelationalDatabaseSchema.java:130)
	at io.debezium.relational.HistorizedRelationalDatabaseSchema.recover(HistorizedRelationalDatabaseSchema.java:52)
	at com.ververica.cdc.connectors.mysql.debezium.task.context.StatefulTaskContext.validateAndLoadDatabaseHistory(StatefulTaskContext.java:163)
	at com.ververica.cdc.connectors.mysql.debezium.task.context.StatefulTaskContext.configure(StatefulTaskContext.java:114)
	at com.ververica.cdc.connectors.mysql.debezium.reader.SnapshotSplitReader.submitSplit(SnapshotSplitReader.java:93)
	at com.ververica.cdc.connectors.mysql.debezium.reader.SnapshotSplitReader.submitSplit(SnapshotSplitReader.java:64)
	at com.ververica.cdc.connectors.mysql.source.reader.MySqlSplitReader.checkSplitOrStartNext(MySqlSplitReader.java:163)
	at com.ververica.cdc.connectors.mysql.source.reader.MySqlSplitReader.fetch(MySqlSplitReader.java:73)
	at org.apache.flink.connector.base.source.reader.fetcher.FetchTask.run(FetchTask.java:58)
	at org.apache.flink.connector.base.source.reader.fetcher.SplitFetcher.runOnce(SplitFetcher.java:142)
	at org.apache.flink.connector.base.source.reader.fetcher.SplitFetcher.run(SplitFetcher.java:105)
	at java.util.concurrent.Executors$RunnableAdapter.call(Executors.java:511)
	at java.util.concurrent.FutureTask.run(FutureTask.java:266)
	at java.util.concurrent.ThreadPoolExecutor.runWorker(ThreadPoolExecutor.java:1149)
	at java.util.concurrent.ThreadPoolExecutor$Worker.run(ThreadPoolExecutor.java:624)
	at java.lang.Thread.run(Thread.java:750)
2023-04-05 15:58:59  [ Source Data Fetcher for Source: TableSourceScan(table=[[default_catalog, default_database, mysql_binlog]], fields=[id, name, description, weight]) -> NotNullEnforcer(fields=[id]) -> Sink: Collect table sink (1/1)#3:3296 ] - [ ERROR ]  Received uncaught exception.
java.lang.NoSuchMethodError: com.mysql.cj.CharsetMapping.getJavaEncodingForMysqlCharset(Ljava/lang/String;)Ljava/lang/String;
	at io.debezium.connector.mysql.MySqlValueConverters.charsetFor(MySqlValueConverters.java:331)
	at io.debezium.connector.mysql.MySqlValueConverters.converter(MySqlValueConverters.java:298)
	at io.debezium.relational.TableSchemaBuilder.createValueConverterFor(TableSchemaBuilder.java:400)
	at io.debezium.relational.TableSchemaBuilder.convertersForColumns(TableSchemaBuilder.java:321)
	at io.debezium.relational.TableSchemaBuilder.createValueGenerator(TableSchemaBuilder.java:246)
	at io.debezium.relational.TableSchemaBuilder.create(TableSchemaBuilder.java:138)
	at io.debezium.relational.RelationalDatabaseSchema.buildAndRegisterSchema(RelationalDatabaseSchema.java:130)
	at io.debezium.relational.HistorizedRelationalDatabaseSchema.recover(HistorizedRelationalDatabaseSchema.java:52)
	at com.ververica.cdc.connectors.mysql.debezium.task.context.StatefulTaskContext.validateAndLoadDatabaseHistory(StatefulTaskContext.java:163)
	at com.ververica.cdc.connectors.mysql.debezium.task.context.StatefulTaskContext.configure(StatefulTaskContext.java:114)
	at com.ververica.cdc.connectors.mysql.debezium.reader.SnapshotSplitReader.submitSplit(SnapshotSplitReader.java:93)
	at com.ververica.cdc.connectors.mysql.debezium.reader.SnapshotSplitReader.submitSplit(SnapshotSplitReader.java:64)
	at com.ververica.cdc.connectors.mysql.source.reader.MySqlSplitReader.checkSplitOrStartNext(MySqlSplitReader.java:163)
	at com.ververica.cdc.connectors.mysql.source.reader.MySqlSplitReader.fetch(MySqlSplitReader.java:73)
	at org.apache.flink.connector.base.source.reader.fetcher.FetchTask.run(FetchTask.java:58)
	at org.apache.flink.connector.base.source.reader.fetcher.SplitFetcher.runOnce(SplitFetcher.java:142)
	at org.apache.flink.connector.base.source.reader.fetcher.SplitFetcher.run(SplitFetcher.java:105)
	at java.util.concurrent.Executors$RunnableAdapter.call(Executors.java:511)
	at java.util.concurrent.FutureTask.run(FutureTask.java:266)
	at java.util.concurrent.ThreadPoolExecutor.runWorker(ThreadPoolExecutor.java:1149)
	at java.util.concurrent.ThreadPoolExecutor$Worker.run(ThreadPoolExecutor.java:624)
	at java.lang.Thread.run(Thread.java:750)
2023-04-05 15:59:00  [ Source Data Fetcher for Source: TableSourceScan(table=[[default_catalog, default_database, mysql_binlog]], fields=[id, name, description, weight]) -> NotNullEnforcer(fields=[id]) -> Sink: Collect table sink (1/1)#4:4340 ] - [ ERROR ]  Received uncaught exception.
java.lang.NoSuchMethodError: com.mysql.cj.CharsetMapping.getJavaEncodingForMysqlCharset(Ljava/lang/String;)Ljava/lang/String;
	at io.debezium.connector.mysql.MySqlValueConverters.charsetFor(MySqlValueConverters.java:331)
	at io.debezium.connector.mysql.MySqlValueConverters.converter(MySqlValueConverters.java:298)
	at io.debezium.relational.TableSchemaBuilder.createValueConverterFor(TableSchemaBuilder.java:400)
	at io.debezium.relational.TableSchemaBuilder.convertersForColumns(TableSchemaBuilder.java:321)
	at io.debezium.relational.TableSchemaBuilder.createValueGenerator(TableSchemaBuilder.java:246)
	at io.debezium.relational.TableSchemaBuilder.create(TableSchemaBuilder.java:138)
	at io.debezium.relational.RelationalDatabaseSchema.buildAndRegisterSchema(RelationalDatabaseSchema.java:130)
	at io.debezium.relational.HistorizedRelationalDatabaseSchema.recover(HistorizedRelationalDatabaseSchema.java:52)
	at com.ververica.cdc.connectors.mysql.debezium.task.context.StatefulTaskContext.validateAndLoadDatabaseHistory(StatefulTaskContext.java:163)
	at com.ververica.cdc.connectors.mysql.debezium.task.context.StatefulTaskContext.configure(StatefulTaskContext.java:114)
	at com.ververica.cdc.connectors.mysql.debezium.reader.SnapshotSplitReader.submitSplit(SnapshotSplitReader.java:93)
	at com.ververica.cdc.connectors.mysql.debezium.reader.SnapshotSplitReader.submitSplit(SnapshotSplitReader.java:64)
	at com.ververica.cdc.connectors.mysql.source.reader.MySqlSplitReader.checkSplitOrStartNext(MySqlSplitReader.java:163)
	at com.ververica.cdc.connectors.mysql.source.reader.MySqlSplitReader.fetch(MySqlSplitReader.java:73)
	at org.apache.flink.connector.base.source.reader.fetcher.FetchTask.run(FetchTask.java:58)
	at org.apache.flink.connector.base.source.reader.fetcher.SplitFetcher.runOnce(SplitFetcher.java:142)
	at org.apache.flink.connector.base.source.reader.fetcher.SplitFetcher.run(SplitFetcher.java:105)
	at java.util.concurrent.Executors$RunnableAdapter.call(Executors.java:511)
	at java.util.concurrent.FutureTask.run(FutureTask.java:266)
	at java.util.concurrent.ThreadPoolExecutor.runWorker(ThreadPoolExecutor.java:1149)
	at java.util.concurrent.ThreadPoolExecutor$Worker.run(ThreadPoolExecutor.java:624)
	at java.lang.Thread.run(Thread.java:750)
2023-04-05 15:59:01  [ Source Data Fetcher for Source: TableSourceScan(table=[[default_catalog, default_database, mysql_binlog]], fields=[id, name, description, weight]) -> NotNullEnforcer(fields=[id]) -> Sink: Collect table sink (1/1)#5:5378 ] - [ ERROR ]  Received uncaught exception.
java.lang.NoSuchMethodError: com.mysql.cj.CharsetMapping.getJavaEncodingForMysqlCharset(Ljava/lang/String;)Ljava/lang/String;
	at io.debezium.connector.mysql.MySqlValueConverters.charsetFor(MySqlValueConverters.java:331)
	at io.debezium.connector.mysql.MySqlValueConverters.converter(MySqlValueConverters.java:298)
	at io.debezium.relational.TableSchemaBuilder.createValueConverterFor(TableSchemaBuilder.java:400)
	at io.debezium.relational.TableSchemaBuilder.convertersForColumns(TableSchemaBuilder.java:321)
	at io.debezium.relational.TableSchemaBuilder.createValueGenerator(TableSchemaBuilder.java:246)
	at io.debezium.relational.TableSchemaBuilder.create(TableSchemaBuilder.java:138)
	at io.debezium.relational.RelationalDatabaseSchema.buildAndRegisterSchema(RelationalDatabaseSchema.java:130)
	at io.debezium.relational.HistorizedRelationalDatabaseSchema.recover(HistorizedRelationalDatabaseSchema.java:52)
	at com.ververica.cdc.connectors.mysql.debezium.task.context.StatefulTaskContext.validateAndLoadDatabaseHistory(StatefulTaskContext.java:163)
	at com.ververica.cdc.connectors.mysql.debezium.task.context.StatefulTaskContext.configure(StatefulTaskContext.java:114)
	at com.ververica.cdc.connectors.mysql.debezium.reader.SnapshotSplitReader.submitSplit(SnapshotSplitReader.java:93)
	at com.ververica.cdc.connectors.mysql.debezium.reader.SnapshotSplitReader.submitSplit(SnapshotSplitReader.java:64)
	at com.ververica.cdc.connectors.mysql.source.reader.MySqlSplitReader.checkSplitOrStartNext(MySqlSplitReader.java:163)
	at com.ververica.cdc.connectors.mysql.source.reader.MySqlSplitReader.fetch(MySqlSplitReader.java:73)
	at org.apache.flink.connector.base.source.reader.fetcher.FetchTask.run(FetchTask.java:58)
	at org.apache.flink.connector.base.source.reader.fetcher.SplitFetcher.runOnce(SplitFetcher.java:142)
	at org.apache.flink.connector.base.source.reader.fetcher.SplitFetcher.run(SplitFetcher.java:105)
	at java.util.concurrent.Executors$RunnableAdapter.call(Executors.java:511)
	at java.util.concurrent.FutureTask.run(FutureTask.java:266)
	at java.util.concurrent.ThreadPoolExecutor.runWorker(ThreadPoolExecutor.java:1149)
	at java.util.concurrent.ThreadPoolExecutor$Worker.run(ThreadPoolExecutor.java:624)
	at java.lang.Thread.run(Thread.java:750)
2023-04-05 15:59:02  [ Source Data Fetcher for Source: TableSourceScan(table=[[default_catalog, default_database, mysql_binlog]], fields=[id, name, description, weight]) -> NotNullEnforcer(fields=[id]) -> Sink: Collect table sink (1/1)#6:6425 ] - [ ERROR ]  Received uncaught exception.
java.lang.NoSuchMethodError: com.mysql.cj.CharsetMapping.getJavaEncodingForMysqlCharset(Ljava/lang/String;)Ljava/lang/String;
	at io.debezium.connector.mysql.MySqlValueConverters.charsetFor(MySqlValueConverters.java:331)
	at io.debezium.connector.mysql.MySqlValueConverters.converter(MySqlValueConverters.java:298)
	at io.debezium.relational.TableSchemaBuilder.createValueConverterFor(TableSchemaBuilder.java:400)
	at io.debezium.relational.TableSchemaBuilder.convertersForColumns(TableSchemaBuilder.java:321)
	at io.debezium.relational.TableSchemaBuilder.createValueGenerator(TableSchemaBuilder.java:246)
	at io.debezium.relational.TableSchemaBuilder.create(TableSchemaBuilder.java:138)
	at io.debezium.relational.RelationalDatabaseSchema.buildAndRegisterSchema(RelationalDatabaseSchema.java:130)
	at io.debezium.relational.HistorizedRelationalDatabaseSchema.recover(HistorizedRelationalDatabaseSchema.java:52)
	at com.ververica.cdc.connectors.mysql.debezium.task.context.StatefulTaskContext.validateAndLoadDatabaseHistory(StatefulTaskContext.java:163)
	at com.ververica.cdc.connectors.mysql.debezium.task.context.StatefulTaskContext.configure(StatefulTaskContext.java:114)
	at com.ververica.cdc.connectors.mysql.debezium.reader.SnapshotSplitReader.submitSplit(SnapshotSplitReader.java:93)
	at com.ververica.cdc.connectors.mysql.debezium.reader.SnapshotSplitReader.submitSplit(SnapshotSplitReader.java:64)
	at com.ververica.cdc.connectors.mysql.source.reader.MySqlSplitReader.checkSplitOrStartNext(MySqlSplitReader.java:163)
	at com.ververica.cdc.connectors.mysql.source.reader.MySqlSplitReader.fetch(MySqlSplitReader.java:73)
	at org.apache.flink.connector.base.source.reader.fetcher.FetchTask.run(FetchTask.java:58)
	at org.apache.flink.connector.base.source.reader.fetcher.SplitFetcher.runOnce(SplitFetcher.java:142)
	at org.apache.flink.connector.base.source.reader.fetcher.SplitFetcher.run(SplitFetcher.java:105)
	at java.util.concurrent.Executors$RunnableAdapter.call(Executors.java:511)
	at java.util.concurrent.FutureTask.run(FutureTask.java:266)
	at java.util.concurrent.ThreadPoolExecutor.runWorker(ThreadPoolExecutor.java:1149)
	at java.util.concurrent.ThreadPoolExecutor$Worker.run(ThreadPoolExecutor.java:624)
	at java.lang.Thread.run(Thread.java:750)
2023-04-05 15:59:03  [ Source Data Fetcher for Source: TableSourceScan(table=[[default_catalog, default_database, mysql_binlog]], fields=[id, name, description, weight]) -> NotNullEnforcer(fields=[id]) -> Sink: Collect table sink (1/1)#7:7471 ] - [ ERROR ]  Received uncaught exception.
java.lang.NoSuchMethodError: com.mysql.cj.CharsetMapping.getJavaEncodingForMysqlCharset(Ljava/lang/String;)Ljava/lang/String;
	at io.debezium.connector.mysql.MySqlValueConverters.charsetFor(MySqlValueConverters.java:331)
	at io.debezium.connector.mysql.MySqlValueConverters.converter(MySqlValueConverters.java:298)
	at io.debezium.relational.TableSchemaBuilder.createValueConverterFor(TableSchemaBuilder.java:400)
	at io.debezium.relational.TableSchemaBuilder.convertersForColumns(TableSchemaBuilder.java:321)
	at io.debezium.relational.TableSchemaBuilder.createValueGenerator(TableSchemaBuilder.java:246)
	at io.debezium.relational.TableSchemaBuilder.create(TableSchemaBuilder.java:138)
	at io.debezium.relational.RelationalDatabaseSchema.buildAndRegisterSchema(RelationalDatabaseSchema.java:130)
	at io.debezium.relational.HistorizedRelationalDatabaseSchema.recover(HistorizedRelationalDatabaseSchema.java:52)
	at com.ververica.cdc.connectors.mysql.debezium.task.context.StatefulTaskContext.validateAndLoadDatabaseHistory(StatefulTaskContext.java:163)
	at com.ververica.cdc.connectors.mysql.debezium.task.context.StatefulTaskContext.configure(StatefulTaskContext.java:114)
	at com.ververica.cdc.connectors.mysql.debezium.reader.SnapshotSplitReader.submitSplit(SnapshotSplitReader.java:93)
	at com.ververica.cdc.connectors.mysql.debezium.reader.SnapshotSplitReader.submitSplit(SnapshotSplitReader.java:64)
	at com.ververica.cdc.connectors.mysql.source.reader.MySqlSplitReader.checkSplitOrStartNext(MySqlSplitReader.java:163)
	at com.ververica.cdc.connectors.mysql.source.reader.MySqlSplitReader.fetch(MySqlSplitReader.java:73)
	at org.apache.flink.connector.base.source.reader.fetcher.FetchTask.run(FetchTask.java:58)
	at org.apache.flink.connector.base.source.reader.fetcher.SplitFetcher.runOnce(SplitFetcher.java:142)
	at org.apache.flink.connector.base.source.reader.fetcher.SplitFetcher.run(SplitFetcher.java:105)
	at java.util.concurrent.Executors$RunnableAdapter.call(Executors.java:511)
	at java.util.concurrent.FutureTask.run(FutureTask.java:266)
	at java.util.concurrent.ThreadPoolExecutor.runWorker(ThreadPoolExecutor.java:1149)
	at java.util.concurrent.ThreadPoolExecutor$Worker.run(ThreadPoolExecutor.java:624)
	at java.lang.Thread.run(Thread.java:750)
2023-04-05 15:59:04  [ Source Data Fetcher for Source: TableSourceScan(table=[[default_catalog, default_database, mysql_binlog]], fields=[id, name, description, weight]) -> NotNullEnforcer(fields=[id]) -> Sink: Collect table sink (1/1)#8:8503 ] - [ ERROR ]  Received uncaught exception.
java.lang.NoSuchMethodError: com.mysql.cj.CharsetMapping.getJavaEncodingForMysqlCharset(Ljava/lang/String;)Ljava/lang/String;
	at io.debezium.connector.mysql.MySqlValueConverters.charsetFor(MySqlValueConverters.java:331)
	at io.debezium.connector.mysql.MySqlValueConverters.converter(MySqlValueConverters.java:298)
	at io.debezium.relational.TableSchemaBuilder.createValueConverterFor(TableSchemaBuilder.java:400)
	at io.debezium.relational.TableSchemaBuilder.convertersForColumns(TableSchemaBuilder.java:321)
	at io.debezium.relational.TableSchemaBuilder.createValueGenerator(TableSchemaBuilder.java:246)
	at io.debezium.relational.TableSchemaBuilder.create(TableSchemaBuilder.java:138)
	at io.debezium.relational.RelationalDatabaseSchema.buildAndRegisterSchema(RelationalDatabaseSchema.java:130)
	at io.debezium.relational.HistorizedRelationalDatabaseSchema.recover(HistorizedRelationalDatabaseSchema.java:52)
	at com.ververica.cdc.connectors.mysql.debezium.task.context.StatefulTaskContext.validateAndLoadDatabaseHistory(StatefulTaskContext.java:163)
	at com.ververica.cdc.connectors.mysql.debezium.task.context.StatefulTaskContext.configure(StatefulTaskContext.java:114)
	at com.ververica.cdc.connectors.mysql.debezium.reader.SnapshotSplitReader.submitSplit(SnapshotSplitReader.java:93)
	at com.ververica.cdc.connectors.mysql.debezium.reader.SnapshotSplitReader.submitSplit(SnapshotSplitReader.java:64)
	at com.ververica.cdc.connectors.mysql.source.reader.MySqlSplitReader.checkSplitOrStartNext(MySqlSplitReader.java:163)
	at com.ververica.cdc.connectors.mysql.source.reader.MySqlSplitReader.fetch(MySqlSplitReader.java:73)
	at org.apache.flink.connector.base.source.reader.fetcher.FetchTask.run(FetchTask.java:58)
	at org.apache.flink.connector.base.source.reader.fetcher.SplitFetcher.runOnce(SplitFetcher.java:142)
	at org.apache.flink.connector.base.source.reader.fetcher.SplitFetcher.run(SplitFetcher.java:105)
	at java.util.concurrent.Executors$RunnableAdapter.call(Executors.java:511)
	at java.util.concurrent.FutureTask.run(FutureTask.java:266)
	at java.util.concurrent.ThreadPoolExecutor.runWorker(ThreadPoolExecutor.java:1149)
	at java.util.concurrent.ThreadPoolExecutor$Worker.run(ThreadPoolExecutor.java:624)
	at java.lang.Thread.run(Thread.java:750)
2023-04-05 15:59:05  [ Source Data Fetcher for Source: TableSourceScan(table=[[default_catalog, default_database, mysql_binlog]], fields=[id, name, description, weight]) -> NotNullEnforcer(fields=[id]) -> Sink: Collect table sink (1/1)#9:9579 ] - [ ERROR ]  Received uncaught exception.
java.lang.NoSuchMethodError: com.mysql.cj.CharsetMapping.getJavaEncodingForMysqlCharset(Ljava/lang/String;)Ljava/lang/String;
	at io.debezium.connector.mysql.MySqlValueConverters.charsetFor(MySqlValueConverters.java:331)
	at io.debezium.connector.mysql.MySqlValueConverters.converter(MySqlValueConverters.java:298)
	at io.debezium.relational.TableSchemaBuilder.createValueConverterFor(TableSchemaBuilder.java:400)
	at io.debezium.relational.TableSchemaBuilder.convertersForColumns(TableSchemaBuilder.java:321)
	at io.debezium.relational.TableSchemaBuilder.createValueGenerator(TableSchemaBuilder.java:246)
	at io.debezium.relational.TableSchemaBuilder.create(TableSchemaBuilder.java:138)
	at io.debezium.relational.RelationalDatabaseSchema.buildAndRegisterSchema(RelationalDatabaseSchema.java:130)
	at io.debezium.relational.HistorizedRelationalDatabaseSchema.recover(HistorizedRelationalDatabaseSchema.java:52)
	at com.ververica.cdc.connectors.mysql.debezium.task.context.StatefulTaskContext.validateAndLoadDatabaseHistory(StatefulTaskContext.java:163)
	at com.ververica.cdc.connectors.mysql.debezium.task.context.StatefulTaskContext.configure(StatefulTaskContext.java:114)
	at com.ververica.cdc.connectors.mysql.debezium.reader.SnapshotSplitReader.submitSplit(SnapshotSplitReader.java:93)
	at com.ververica.cdc.connectors.mysql.debezium.reader.SnapshotSplitReader.submitSplit(SnapshotSplitReader.java:64)
	at com.ververica.cdc.connectors.mysql.source.reader.MySqlSplitReader.checkSplitOrStartNext(MySqlSplitReader.java:163)
	at com.ververica.cdc.connectors.mysql.source.reader.MySqlSplitReader.fetch(MySqlSplitReader.java:73)
	at org.apache.flink.connector.base.source.reader.fetcher.FetchTask.run(FetchTask.java:58)
	at org.apache.flink.connector.base.source.reader.fetcher.SplitFetcher.runOnce(SplitFetcher.java:142)
	at org.apache.flink.connector.base.source.reader.fetcher.SplitFetcher.run(SplitFetcher.java:105)
	at java.util.concurrent.Executors$RunnableAdapter.call(Executors.java:511)
	at java.util.concurrent.FutureTask.run(FutureTask.java:266)
	at java.util.concurrent.ThreadPoolExecutor.runWorker(ThreadPoolExecutor.java:1149)
	at java.util.concurrent.ThreadPoolExecutor$Worker.run(ThreadPoolExecutor.java:624)
	at java.lang.Thread.run(Thread.java:750)
2023-04-05 15:59:06  [ Source Data Fetcher for Source: TableSourceScan(table=[[default_catalog, default_database, mysql_binlog]], fields=[id, name, description, weight]) -> NotNullEnforcer(fields=[id]) -> Sink: Collect table sink (1/1)#10:10645 ] - [ ERROR ]  Received uncaught exception.
java.lang.NoSuchMethodError: com.mysql.cj.CharsetMapping.getJavaEncodingForMysqlCharset(Ljava/lang/String;)Ljava/lang/String;
	at io.debezium.connector.mysql.MySqlValueConverters.charsetFor(MySqlValueConverters.java:331)
	at io.debezium.connector.mysql.MySqlValueConverters.converter(MySqlValueConverters.java:298)
	at io.debezium.relational.TableSchemaBuilder.createValueConverterFor(TableSchemaBuilder.java:400)
	at io.debezium.relational.TableSchemaBuilder.convertersForColumns(TableSchemaBuilder.java:321)
	at io.debezium.relational.TableSchemaBuilder.createValueGenerator(TableSchemaBuilder.java:246)
	at io.debezium.relational.TableSchemaBuilder.create(TableSchemaBuilder.java:138)
	at io.debezium.relational.RelationalDatabaseSchema.buildAndRegisterSchema(RelationalDatabaseSchema.java:130)
	at io.debezium.relational.HistorizedRelationalDatabaseSchema.recover(HistorizedRelationalDatabaseSchema.java:52)
	at com.ververica.cdc.connectors.mysql.debezium.task.context.StatefulTaskContext.validateAndLoadDatabaseHistory(StatefulTaskContext.java:163)
	at com.ververica.cdc.connectors.mysql.debezium.task.context.StatefulTaskContext.configure(StatefulTaskContext.java:114)
	at com.ververica.cdc.connectors.mysql.debezium.reader.SnapshotSplitReader.submitSplit(SnapshotSplitReader.java:93)
	at com.ververica.cdc.connectors.mysql.debezium.reader.SnapshotSplitReader.submitSplit(SnapshotSplitReader.java:64)
	at com.ververica.cdc.connectors.mysql.source.reader.MySqlSplitReader.checkSplitOrStartNext(MySqlSplitReader.java:163)
	at com.ververica.cdc.connectors.mysql.source.reader.MySqlSplitReader.fetch(MySqlSplitReader.java:73)
	at org.apache.flink.connector.base.source.reader.fetcher.FetchTask.run(FetchTask.java:58)
	at org.apache.flink.connector.base.source.reader.fetcher.SplitFetcher.runOnce(SplitFetcher.java:142)
	at org.apache.flink.connector.base.source.reader.fetcher.SplitFetcher.run(SplitFetcher.java:105)
	at java.util.concurrent.Executors$RunnableAdapter.call(Executors.java:511)
	at java.util.concurrent.FutureTask.run(FutureTask.java:266)
	at java.util.concurrent.ThreadPoolExecutor.runWorker(ThreadPoolExecutor.java:1149)
	at java.util.concurrent.ThreadPoolExecutor$Worker.run(ThreadPoolExecutor.java:624)
	at java.lang.Thread.run(Thread.java:750)
2023-04-05 15:59:07  [ Source Data Fetcher for Source: TableSourceScan(table=[[default_catalog, default_database, mysql_binlog]], fields=[id, name, description, weight]) -> NotNullEnforcer(fields=[id]) -> Sink: Collect table sink (1/1)#11:11708 ] - [ ERROR ]  Received uncaught exception.
java.lang.NoSuchMethodError: com.mysql.cj.CharsetMapping.getJavaEncodingForMysqlCharset(Ljava/lang/String;)Ljava/lang/String;
	at io.debezium.connector.mysql.MySqlValueConverters.charsetFor(MySqlValueConverters.java:331)
	at io.debezium.connector.mysql.MySqlValueConverters.converter(MySqlValueConverters.java:298)
	at io.debezium.relational.TableSchemaBuilder.createValueConverterFor(TableSchemaBuilder.java:400)
	at io.debezium.relational.TableSchemaBuilder.convertersForColumns(TableSchemaBuilder.java:321)
	at io.debezium.relational.TableSchemaBuilder.createValueGenerator(TableSchemaBuilder.java:246)
	at io.debezium.relational.TableSchemaBuilder.create(TableSchemaBuilder.java:138)
	at io.debezium.relational.RelationalDatabaseSchema.buildAndRegisterSchema(RelationalDatabaseSchema.java:130)
	at io.debezium.relational.HistorizedRelationalDatabaseSchema.recover(HistorizedRelationalDatabaseSchema.java:52)
	at com.ververica.cdc.connectors.mysql.debezium.task.context.StatefulTaskContext.validateAndLoadDatabaseHistory(StatefulTaskContext.java:163)
	at com.ververica.cdc.connectors.mysql.debezium.task.context.StatefulTaskContext.configure(StatefulTaskContext.java:114)
	at com.ververica.cdc.connectors.mysql.debezium.reader.SnapshotSplitReader.submitSplit(SnapshotSplitReader.java:93)
	at com.ververica.cdc.connectors.mysql.debezium.reader.SnapshotSplitReader.submitSplit(SnapshotSplitReader.java:64)
	at com.ververica.cdc.connectors.mysql.source.reader.MySqlSplitReader.checkSplitOrStartNext(MySqlSplitReader.java:163)
	at com.ververica.cdc.connectors.mysql.source.reader.MySqlSplitReader.fetch(MySqlSplitReader.java:73)
	at org.apache.flink.connector.base.source.reader.fetcher.FetchTask.run(FetchTask.java:58)
	at org.apache.flink.connector.base.source.reader.fetcher.SplitFetcher.runOnce(SplitFetcher.java:142)
	at org.apache.flink.connector.base.source.reader.fetcher.SplitFetcher.run(SplitFetcher.java:105)
	at java.util.concurrent.Executors$RunnableAdapter.call(Executors.java:511)
	at java.util.concurrent.FutureTask.run(FutureTask.java:266)
	at java.util.concurrent.ThreadPoolExecutor.runWorker(ThreadPoolExecutor.java:1149)
	at java.util.concurrent.ThreadPoolExecutor$Worker.run(ThreadPoolExecutor.java:624)
	at java.lang.Thread.run(Thread.java:750)
2023-04-05 15:59:08  [ Source Data Fetcher for Source: TableSourceScan(table=[[default_catalog, default_database, mysql_binlog]], fields=[id, name, description, weight]) -> NotNullEnforcer(fields=[id]) -> Sink: Collect table sink (1/1)#12:12765 ] - [ ERROR ]  Received uncaught exception.
java.lang.NoSuchMethodError: com.mysql.cj.CharsetMapping.getJavaEncodingForMysqlCharset(Ljava/lang/String;)Ljava/lang/String;
	at io.debezium.connector.mysql.MySqlValueConverters.charsetFor(MySqlValueConverters.java:331)
	at io.debezium.connector.mysql.MySqlValueConverters.converter(MySqlValueConverters.java:298)
	at io.debezium.relational.TableSchemaBuilder.createValueConverterFor(TableSchemaBuilder.java:400)
	at io.debezium.relational.TableSchemaBuilder.convertersForColumns(TableSchemaBuilder.java:321)
	at io.debezium.relational.TableSchemaBuilder.createValueGenerator(TableSchemaBuilder.java:246)
	at io.debezium.relational.TableSchemaBuilder.create(TableSchemaBuilder.java:138)
	at io.debezium.relational.RelationalDatabaseSchema.buildAndRegisterSchema(RelationalDatabaseSchema.java:130)
	at io.debezium.relational.HistorizedRelationalDatabaseSchema.recover(HistorizedRelationalDatabaseSchema.java:52)
	at com.ververica.cdc.connectors.mysql.debezium.task.context.StatefulTaskContext.validateAndLoadDatabaseHistory(StatefulTaskContext.java:163)
	at com.ververica.cdc.connectors.mysql.debezium.task.context.StatefulTaskContext.configure(StatefulTaskContext.java:114)
	at com.ververica.cdc.connectors.mysql.debezium.reader.SnapshotSplitReader.submitSplit(SnapshotSplitReader.java:93)
	at com.ververica.cdc.connectors.mysql.debezium.reader.SnapshotSplitReader.submitSplit(SnapshotSplitReader.java:64)
	at com.ververica.cdc.connectors.mysql.source.reader.MySqlSplitReader.checkSplitOrStartNext(MySqlSplitReader.java:163)
	at com.ververica.cdc.connectors.mysql.source.reader.MySqlSplitReader.fetch(MySqlSplitReader.java:73)
	at org.apache.flink.connector.base.source.reader.fetcher.FetchTask.run(FetchTask.java:58)
	at org.apache.flink.connector.base.source.reader.fetcher.SplitFetcher.runOnce(SplitFetcher.java:142)
	at org.apache.flink.connector.base.source.reader.fetcher.SplitFetcher.run(SplitFetcher.java:105)
	at java.util.concurrent.Executors$RunnableAdapter.call(Executors.java:511)
	at java.util.concurrent.FutureTask.run(FutureTask.java:266)
	at java.util.concurrent.ThreadPoolExecutor.runWorker(ThreadPoolExecutor.java:1149)
	at java.util.concurrent.ThreadPoolExecutor$Worker.run(ThreadPoolExecutor.java:624)
	at java.lang.Thread.run(Thread.java:750)
2023-04-05 15:59:09  [ Source Data Fetcher for Source: TableSourceScan(table=[[default_catalog, default_database, mysql_binlog]], fields=[id, name, description, weight]) -> NotNullEnforcer(fields=[id]) -> Sink: Collect table sink (1/1)#13:13800 ] - [ ERROR ]  Received uncaught exception.
java.lang.NoSuchMethodError: com.mysql.cj.CharsetMapping.getJavaEncodingForMysqlCharset(Ljava/lang/String;)Ljava/lang/String;
	at io.debezium.connector.mysql.MySqlValueConverters.charsetFor(MySqlValueConverters.java:331)
	at io.debezium.connector.mysql.MySqlValueConverters.converter(MySqlValueConverters.java:298)
	at io.debezium.relational.TableSchemaBuilder.createValueConverterFor(TableSchemaBuilder.java:400)
	at io.debezium.relational.TableSchemaBuilder.convertersForColumns(TableSchemaBuilder.java:321)
	at io.debezium.relational.TableSchemaBuilder.createValueGenerator(TableSchemaBuilder.java:246)
	at io.debezium.relational.TableSchemaBuilder.create(TableSchemaBuilder.java:138)
	at io.debezium.relational.RelationalDatabaseSchema.buildAndRegisterSchema(RelationalDatabaseSchema.java:130)
	at io.debezium.relational.HistorizedRelationalDatabaseSchema.recover(HistorizedRelationalDatabaseSchema.java:52)
	at com.ververica.cdc.connectors.mysql.debezium.task.context.StatefulTaskContext.validateAndLoadDatabaseHistory(StatefulTaskContext.java:163)
	at com.ververica.cdc.connectors.mysql.debezium.task.context.StatefulTaskContext.configure(StatefulTaskContext.java:114)
	at com.ververica.cdc.connectors.mysql.debezium.reader.SnapshotSplitReader.submitSplit(SnapshotSplitReader.java:93)
	at com.ververica.cdc.connectors.mysql.debezium.reader.SnapshotSplitReader.submitSplit(SnapshotSplitReader.java:64)
	at com.ververica.cdc.connectors.mysql.source.reader.MySqlSplitReader.checkSplitOrStartNext(MySqlSplitReader.java:163)
	at com.ververica.cdc.connectors.mysql.source.reader.MySqlSplitReader.fetch(MySqlSplitReader.java:73)
	at org.apache.flink.connector.base.source.reader.fetcher.FetchTask.run(FetchTask.java:58)
	at org.apache.flink.connector.base.source.reader.fetcher.SplitFetcher.runOnce(SplitFetcher.java:142)
	at org.apache.flink.connector.base.source.reader.fetcher.SplitFetcher.run(SplitFetcher.java:105)
	at java.util.concurrent.Executors$RunnableAdapter.call(Executors.java:511)
	at java.util.concurrent.FutureTask.run(FutureTask.java:266)
	at java.util.concurrent.ThreadPoolExecutor.runWorker(ThreadPoolExecutor.java:1149)
	at java.util.concurrent.ThreadPoolExecutor$Worker.run(ThreadPoolExecutor.java:624)
	at java.lang.Thread.run(Thread.java:750)
2023-04-05 15:59:10  [ Source Data Fetcher for Source: TableSourceScan(table=[[default_catalog, default_database, mysql_binlog]], fields=[id, name, description, weight]) -> NotNullEnforcer(fields=[id]) -> Sink: Collect table sink (1/1)#14:14863 ] - [ ERROR ]  Received uncaught exception.
java.lang.NoSuchMethodError: com.mysql.cj.CharsetMapping.getJavaEncodingForMysqlCharset(Ljava/lang/String;)Ljava/lang/String;
	at io.debezium.connector.mysql.MySqlValueConverters.charsetFor(MySqlValueConverters.java:331)
	at io.debezium.connector.mysql.MySqlValueConverters.converter(MySqlValueConverters.java:298)
	at io.debezium.relational.TableSchemaBuilder.createValueConverterFor(TableSchemaBuilder.java:400)
	at io.debezium.relational.TableSchemaBuilder.convertersForColumns(TableSchemaBuilder.java:321)
	at io.debezium.relational.TableSchemaBuilder.createValueGenerator(TableSchemaBuilder.java:246)
	at io.debezium.relational.TableSchemaBuilder.create(TableSchemaBuilder.java:138)
	at io.debezium.relational.RelationalDatabaseSchema.buildAndRegisterSchema(RelationalDatabaseSchema.java:130)
	at io.debezium.relational.HistorizedRelationalDatabaseSchema.recover(HistorizedRelationalDatabaseSchema.java:52)
	at com.ververica.cdc.connectors.mysql.debezium.task.context.StatefulTaskContext.validateAndLoadDatabaseHistory(StatefulTaskContext.java:163)
	at com.ververica.cdc.connectors.mysql.debezium.task.context.StatefulTaskContext.configure(StatefulTaskContext.java:114)
	at com.ververica.cdc.connectors.mysql.debezium.reader.SnapshotSplitReader.submitSplit(SnapshotSplitReader.java:93)
	at com.ververica.cdc.connectors.mysql.debezium.reader.SnapshotSplitReader.submitSplit(SnapshotSplitReader.java:64)
	at com.ververica.cdc.connectors.mysql.source.reader.MySqlSplitReader.checkSplitOrStartNext(MySqlSplitReader.java:163)
	at com.ververica.cdc.connectors.mysql.source.reader.MySqlSplitReader.fetch(MySqlSplitReader.java:73)
	at org.apache.flink.connector.base.source.reader.fetcher.FetchTask.run(FetchTask.java:58)
	at org.apache.flink.connector.base.source.reader.fetcher.SplitFetcher.runOnce(SplitFetcher.java:142)
	at org.apache.flink.connector.base.source.reader.fetcher.SplitFetcher.run(SplitFetcher.java:105)
	at java.util.concurrent.Executors$RunnableAdapter.call(Executors.java:511)
	at java.util.concurrent.FutureTask.run(FutureTask.java:266)
	at java.util.concurrent.ThreadPoolExecutor.runWorker(ThreadPoolExecutor.java:1149)
	at java.util.concurrent.ThreadPoolExecutor$Worker.run(ThreadPoolExecutor.java:624)
	at java.lang.Thread.run(Thread.java:750)
2023-04-05 15:59:11  [ Source Data Fetcher for Source: TableSourceScan(table=[[default_catalog, default_database, mysql_binlog]], fields=[id, name, description, weight]) -> NotNullEnforcer(fields=[id]) -> Sink: Collect table sink (1/1)#15:15925 ] - [ ERROR ]  Received uncaught exception.
java.lang.NoSuchMethodError: com.mysql.cj.CharsetMapping.getJavaEncodingForMysqlCharset(Ljava/lang/String;)Ljava/lang/String;
	at io.debezium.connector.mysql.MySqlValueConverters.charsetFor(MySqlValueConverters.java:331)
	at io.debezium.connector.mysql.MySqlValueConverters.converter(MySqlValueConverters.java:298)
	at io.debezium.relational.TableSchemaBuilder.createValueConverterFor(TableSchemaBuilder.java:400)
	at io.debezium.relational.TableSchemaBuilder.convertersForColumns(TableSchemaBuilder.java:321)
	at io.debezium.relational.TableSchemaBuilder.createValueGenerator(TableSchemaBuilder.java:246)
	at io.debezium.relational.TableSchemaBuilder.create(TableSchemaBuilder.java:138)
	at io.debezium.relational.RelationalDatabaseSchema.buildAndRegisterSchema(RelationalDatabaseSchema.java:130)
	at io.debezium.relational.HistorizedRelationalDatabaseSchema.recover(HistorizedRelationalDatabaseSchema.java:52)
	at com.ververica.cdc.connectors.mysql.debezium.task.context.StatefulTaskContext.validateAndLoadDatabaseHistory(StatefulTaskContext.java:163)
	at com.ververica.cdc.connectors.mysql.debezium.task.context.StatefulTaskContext.configure(StatefulTaskContext.java:114)
	at com.ververica.cdc.connectors.mysql.debezium.reader.SnapshotSplitReader.submitSplit(SnapshotSplitReader.java:93)
	at com.ververica.cdc.connectors.mysql.debezium.reader.SnapshotSplitReader.submitSplit(SnapshotSplitReader.java:64)
	at com.ververica.cdc.connectors.mysql.source.reader.MySqlSplitReader.checkSplitOrStartNext(MySqlSplitReader.java:163)
	at com.ververica.cdc.connectors.mysql.source.reader.MySqlSplitReader.fetch(MySqlSplitReader.java:73)
	at org.apache.flink.connector.base.source.reader.fetcher.FetchTask.run(FetchTask.java:58)
	at org.apache.flink.connector.base.source.reader.fetcher.SplitFetcher.runOnce(SplitFetcher.java:142)
	at org.apache.flink.connector.base.source.reader.fetcher.SplitFetcher.run(SplitFetcher.java:105)
	at java.util.concurrent.Executors$RunnableAdapter.call(Executors.java:511)
	at java.util.concurrent.FutureTask.run(FutureTask.java:266)
	at java.util.concurrent.ThreadPoolExecutor.runWorker(ThreadPoolExecutor.java:1149)
	at java.util.concurrent.ThreadPoolExecutor$Worker.run(ThreadPoolExecutor.java:624)
	at java.lang.Thread.run(Thread.java:750)
2023-04-05 15:59:12  [ Source Data Fetcher for Source: TableSourceScan(table=[[default_catalog, default_database, mysql_binlog]], fields=[id, name, description, weight]) -> NotNullEnforcer(fields=[id]) -> Sink: Collect table sink (1/1)#16:16980 ] - [ ERROR ]  Received uncaught exception.
java.lang.NoSuchMethodError: com.mysql.cj.CharsetMapping.getJavaEncodingForMysqlCharset(Ljava/lang/String;)Ljava/lang/String;
	at io.debezium.connector.mysql.MySqlValueConverters.charsetFor(MySqlValueConverters.java:331)
	at io.debezium.connector.mysql.MySqlValueConverters.converter(MySqlValueConverters.java:298)
	at io.debezium.relational.TableSchemaBuilder.createValueConverterFor(TableSchemaBuilder.java:400)
	at io.debezium.relational.TableSchemaBuilder.convertersForColumns(TableSchemaBuilder.java:321)
	at io.debezium.relational.TableSchemaBuilder.createValueGenerator(TableSchemaBuilder.java:246)
	at io.debezium.relational.TableSchemaBuilder.create(TableSchemaBuilder.java:138)
	at io.debezium.relational.RelationalDatabaseSchema.buildAndRegisterSchema(RelationalDatabaseSchema.java:130)
	at io.debezium.relational.HistorizedRelationalDatabaseSchema.recover(HistorizedRelationalDatabaseSchema.java:52)
	at com.ververica.cdc.connectors.mysql.debezium.task.context.StatefulTaskContext.validateAndLoadDatabaseHistory(StatefulTaskContext.java:163)
	at com.ververica.cdc.connectors.mysql.debezium.task.context.StatefulTaskContext.configure(StatefulTaskContext.java:114)
	at com.ververica.cdc.connectors.mysql.debezium.reader.SnapshotSplitReader.submitSplit(SnapshotSplitReader.java:93)
	at com.ververica.cdc.connectors.mysql.debezium.reader.SnapshotSplitReader.submitSplit(SnapshotSplitReader.java:64)
	at com.ververica.cdc.connectors.mysql.source.reader.MySqlSplitReader.checkSplitOrStartNext(MySqlSplitReader.java:163)
	at com.ververica.cdc.connectors.mysql.source.reader.MySqlSplitReader.fetch(MySqlSplitReader.java:73)
	at org.apache.flink.connector.base.source.reader.fetcher.FetchTask.run(FetchTask.java:58)
	at org.apache.flink.connector.base.source.reader.fetcher.SplitFetcher.runOnce(SplitFetcher.java:142)
	at org.apache.flink.connector.base.source.reader.fetcher.SplitFetcher.run(SplitFetcher.java:105)
	at java.util.concurrent.Executors$RunnableAdapter.call(Executors.java:511)
	at java.util.concurrent.FutureTask.run(FutureTask.java:266)
	at java.util.concurrent.ThreadPoolExecutor.runWorker(ThreadPoolExecutor.java:1149)
	at java.util.concurrent.ThreadPoolExecutor$Worker.run(ThreadPoolExecutor.java:624)
	at java.lang.Thread.run(Thread.java:750)
2023-04-05 15:59:13  [ Source Data Fetcher for Source: TableSourceScan(table=[[default_catalog, default_database, mysql_binlog]], fields=[id, name, description, weight]) -> NotNullEnforcer(fields=[id]) -> Sink: Collect table sink (1/1)#17:18044 ] - [ ERROR ]  Received uncaught exception.
java.lang.NoSuchMethodError: com.mysql.cj.CharsetMapping.getJavaEncodingForMysqlCharset(Ljava/lang/String;)Ljava/lang/String;
	at io.debezium.connector.mysql.MySqlValueConverters.charsetFor(MySqlValueConverters.java:331)
	at io.debezium.connector.mysql.MySqlValueConverters.converter(MySqlValueConverters.java:298)
	at io.debezium.relational.TableSchemaBuilder.createValueConverterFor(TableSchemaBuilder.java:400)
	at io.debezium.relational.TableSchemaBuilder.convertersForColumns(TableSchemaBuilder.java:321)
	at io.debezium.relational.TableSchemaBuilder.createValueGenerator(TableSchemaBuilder.java:246)
	at io.debezium.relational.TableSchemaBuilder.create(TableSchemaBuilder.java:138)
	at io.debezium.relational.RelationalDatabaseSchema.buildAndRegisterSchema(RelationalDatabaseSchema.java:130)
	at io.debezium.relational.HistorizedRelationalDatabaseSchema.recover(HistorizedRelationalDatabaseSchema.java:52)
	at com.ververica.cdc.connectors.mysql.debezium.task.context.StatefulTaskContext.validateAndLoadDatabaseHistory(StatefulTaskContext.java:163)
	at com.ververica.cdc.connectors.mysql.debezium.task.context.StatefulTaskContext.configure(StatefulTaskContext.java:114)
	at com.ververica.cdc.connectors.mysql.debezium.reader.SnapshotSplitReader.submitSplit(SnapshotSplitReader.java:93)
	at com.ververica.cdc.connectors.mysql.debezium.reader.SnapshotSplitReader.submitSplit(SnapshotSplitReader.java:64)
	at com.ververica.cdc.connectors.mysql.source.reader.MySqlSplitReader.checkSplitOrStartNext(MySqlSplitReader.java:163)
	at com.ververica.cdc.connectors.mysql.source.reader.MySqlSplitReader.fetch(MySqlSplitReader.java:73)
	at org.apache.flink.connector.base.source.reader.fetcher.FetchTask.run(FetchTask.java:58)
	at org.apache.flink.connector.base.source.reader.fetcher.SplitFetcher.runOnce(SplitFetcher.java:142)
	at org.apache.flink.connector.base.source.reader.fetcher.SplitFetcher.run(SplitFetcher.java:105)
	at java.util.concurrent.Executors$RunnableAdapter.call(Executors.java:511)
	at java.util.concurrent.FutureTask.run(FutureTask.java:266)
	at java.util.concurrent.ThreadPoolExecutor.runWorker(ThreadPoolExecutor.java:1149)
	at java.util.concurrent.ThreadPoolExecutor$Worker.run(ThreadPoolExecutor.java:624)
	at java.lang.Thread.run(Thread.java:750)
2023-04-05 15:59:14  [ Source Data Fetcher for Source: TableSourceScan(table=[[default_catalog, default_database, mysql_binlog]], fields=[id, name, description, weight]) -> NotNullEnforcer(fields=[id]) -> Sink: Collect table sink (1/1)#18:19102 ] - [ ERROR ]  Received uncaught exception.
java.lang.NoSuchMethodError: com.mysql.cj.CharsetMapping.getJavaEncodingForMysqlCharset(Ljava/lang/String;)Ljava/lang/String;
	at io.debezium.connector.mysql.MySqlValueConverters.charsetFor(MySqlValueConverters.java:331)
	at io.debezium.connector.mysql.MySqlValueConverters.converter(MySqlValueConverters.java:298)
	at io.debezium.relational.TableSchemaBuilder.createValueConverterFor(TableSchemaBuilder.java:400)
	at io.debezium.relational.TableSchemaBuilder.convertersForColumns(TableSchemaBuilder.java:321)
	at io.debezium.relational.TableSchemaBuilder.createValueGenerator(TableSchemaBuilder.java:246)
	at io.debezium.relational.TableSchemaBuilder.create(TableSchemaBuilder.java:138)
	at io.debezium.relational.RelationalDatabaseSchema.buildAndRegisterSchema(RelationalDatabaseSchema.java:130)
	at io.debezium.relational.HistorizedRelationalDatabaseSchema.recover(HistorizedRelationalDatabaseSchema.java:52)
	at com.ververica.cdc.connectors.mysql.debezium.task.context.StatefulTaskContext.validateAndLoadDatabaseHistory(StatefulTaskContext.java:163)
	at com.ververica.cdc.connectors.mysql.debezium.task.context.StatefulTaskContext.configure(StatefulTaskContext.java:114)
	at com.ververica.cdc.connectors.mysql.debezium.reader.SnapshotSplitReader.submitSplit(SnapshotSplitReader.java:93)
	at com.ververica.cdc.connectors.mysql.debezium.reader.SnapshotSplitReader.submitSplit(SnapshotSplitReader.java:64)
	at com.ververica.cdc.connectors.mysql.source.reader.MySqlSplitReader.checkSplitOrStartNext(MySqlSplitReader.java:163)
	at com.ververica.cdc.connectors.mysql.source.reader.MySqlSplitReader.fetch(MySqlSplitReader.java:73)
	at org.apache.flink.connector.base.source.reader.fetcher.FetchTask.run(FetchTask.java:58)
	at org.apache.flink.connector.base.source.reader.fetcher.SplitFetcher.runOnce(SplitFetcher.java:142)
	at org.apache.flink.connector.base.source.reader.fetcher.SplitFetcher.run(SplitFetcher.java:105)
	at java.util.concurrent.Executors$RunnableAdapter.call(Executors.java:511)
	at java.util.concurrent.FutureTask.run(FutureTask.java:266)
	at java.util.concurrent.ThreadPoolExecutor.runWorker(ThreadPoolExecutor.java:1149)
	at java.util.concurrent.ThreadPoolExecutor$Worker.run(ThreadPoolExecutor.java:624)
	at java.lang.Thread.run(Thread.java:750)
2023-04-05 15:59:15  [ Source Data Fetcher for Source: TableSourceScan(table=[[default_catalog, default_database, mysql_binlog]], fields=[id, name, description, weight]) -> NotNullEnforcer(fields=[id]) -> Sink: Collect table sink (1/1)#19:20169 ] - [ ERROR ]  Received uncaught exception.
java.lang.NoSuchMethodError: com.mysql.cj.CharsetMapping.getJavaEncodingForMysqlCharset(Ljava/lang/String;)Ljava/lang/String;
	at io.debezium.connector.mysql.MySqlValueConverters.charsetFor(MySqlValueConverters.java:331)
	at io.debezium.connector.mysql.MySqlValueConverters.converter(MySqlValueConverters.java:298)
	at io.debezium.relational.TableSchemaBuilder.createValueConverterFor(TableSchemaBuilder.java:400)
	at io.debezium.relational.TableSchemaBuilder.convertersForColumns(TableSchemaBuilder.java:321)
	at io.debezium.relational.TableSchemaBuilder.createValueGenerator(TableSchemaBuilder.java:246)
	at io.debezium.relational.TableSchemaBuilder.create(TableSchemaBuilder.java:138)
	at io.debezium.relational.RelationalDatabaseSchema.buildAndRegisterSchema(RelationalDatabaseSchema.java:130)
	at io.debezium.relational.HistorizedRelationalDatabaseSchema.recover(HistorizedRelationalDatabaseSchema.java:52)
	at com.ververica.cdc.connectors.mysql.debezium.task.context.StatefulTaskContext.validateAndLoadDatabaseHistory(StatefulTaskContext.java:163)
	at com.ververica.cdc.connectors.mysql.debezium.task.context.StatefulTaskContext.configure(StatefulTaskContext.java:114)
	at com.ververica.cdc.connectors.mysql.debezium.reader.SnapshotSplitReader.submitSplit(SnapshotSplitReader.java:93)
	at com.ververica.cdc.connectors.mysql.debezium.reader.SnapshotSplitReader.submitSplit(SnapshotSplitReader.java:64)
	at com.ververica.cdc.connectors.mysql.source.reader.MySqlSplitReader.checkSplitOrStartNext(MySqlSplitReader.java:163)
	at com.ververica.cdc.connectors.mysql.source.reader.MySqlSplitReader.fetch(MySqlSplitReader.java:73)
	at org.apache.flink.connector.base.source.reader.fetcher.FetchTask.run(FetchTask.java:58)
	at org.apache.flink.connector.base.source.reader.fetcher.SplitFetcher.runOnce(SplitFetcher.java:142)
	at org.apache.flink.connector.base.source.reader.fetcher.SplitFetcher.run(SplitFetcher.java:105)
	at java.util.concurrent.Executors$RunnableAdapter.call(Executors.java:511)
	at java.util.concurrent.FutureTask.run(FutureTask.java:266)
	at java.util.concurrent.ThreadPoolExecutor.runWorker(ThreadPoolExecutor.java:1149)
	at java.util.concurrent.ThreadPoolExecutor$Worker.run(ThreadPoolExecutor.java:624)
	at java.lang.Thread.run(Thread.java:750)
2023-04-05 15:59:16  [ Source Data Fetcher for Source: TableSourceScan(table=[[default_catalog, default_database, mysql_binlog]], fields=[id, name, description, weight]) -> NotNullEnforcer(fields=[id]) -> Sink: Collect table sink (1/1)#20:21240 ] - [ ERROR ]  Received uncaught exception.
java.lang.NoSuchMethodError: com.mysql.cj.CharsetMapping.getJavaEncodingForMysqlCharset(Ljava/lang/String;)Ljava/lang/String;
	at io.debezium.connector.mysql.MySqlValueConverters.charsetFor(MySqlValueConverters.java:331)
	at io.debezium.connector.mysql.MySqlValueConverters.converter(MySqlValueConverters.java:298)
	at io.debezium.relational.TableSchemaBuilder.createValueConverterFor(TableSchemaBuilder.java:400)
	at io.debezium.relational.TableSchemaBuilder.convertersForColumns(TableSchemaBuilder.java:321)
	at io.debezium.relational.TableSchemaBuilder.createValueGenerator(TableSchemaBuilder.java:246)
	at io.debezium.relational.TableSchemaBuilder.create(TableSchemaBuilder.java:138)
	at io.debezium.relational.RelationalDatabaseSchema.buildAndRegisterSchema(RelationalDatabaseSchema.java:130)
	at io.debezium.relational.HistorizedRelationalDatabaseSchema.recover(HistorizedRelationalDatabaseSchema.java:52)
	at com.ververica.cdc.connectors.mysql.debezium.task.context.StatefulTaskContext.validateAndLoadDatabaseHistory(StatefulTaskContext.java:163)
	at com.ververica.cdc.connectors.mysql.debezium.task.context.StatefulTaskContext.configure(StatefulTaskContext.java:114)
	at com.ververica.cdc.connectors.mysql.debezium.reader.SnapshotSplitReader.submitSplit(SnapshotSplitReader.java:93)
	at com.ververica.cdc.connectors.mysql.debezium.reader.SnapshotSplitReader.submitSplit(SnapshotSplitReader.java:64)
	at com.ververica.cdc.connectors.mysql.source.reader.MySqlSplitReader.checkSplitOrStartNext(MySqlSplitReader.java:163)
	at com.ververica.cdc.connectors.mysql.source.reader.MySqlSplitReader.fetch(MySqlSplitReader.java:73)
	at org.apache.flink.connector.base.source.reader.fetcher.FetchTask.run(FetchTask.java:58)
	at org.apache.flink.connector.base.source.reader.fetcher.SplitFetcher.runOnce(SplitFetcher.java:142)
	at org.apache.flink.connector.base.source.reader.fetcher.SplitFetcher.run(SplitFetcher.java:105)
	at java.util.concurrent.Executors$RunnableAdapter.call(Executors.java:511)
	at java.util.concurrent.FutureTask.run(FutureTask.java:266)
	at java.util.concurrent.ThreadPoolExecutor.runWorker(ThreadPoolExecutor.java:1149)
	at java.util.concurrent.ThreadPoolExecutor$Worker.run(ThreadPoolExecutor.java:624)
	at java.lang.Thread.run(Thread.java:750)
2023-04-05 15:59:18  [ Source Data Fetcher for Source: TableSourceScan(table=[[default_catalog, default_database, mysql_binlog]], fields=[id, name, description, weight]) -> NotNullEnforcer(fields=[id]) -> Sink: Collect table sink (1/1)#21:22307 ] - [ ERROR ]  Received uncaught exception.
java.lang.NoSuchMethodError: com.mysql.cj.CharsetMapping.getJavaEncodingForMysqlCharset(Ljava/lang/String;)Ljava/lang/String;
	at io.debezium.connector.mysql.MySqlValueConverters.charsetFor(MySqlValueConverters.java:331)
	at io.debezium.connector.mysql.MySqlValueConverters.converter(MySqlValueConverters.java:298)
	at io.debezium.relational.TableSchemaBuilder.createValueConverterFor(TableSchemaBuilder.java:400)
	at io.debezium.relational.TableSchemaBuilder.convertersForColumns(TableSchemaBuilder.java:321)
	at io.debezium.relational.TableSchemaBuilder.createValueGenerator(TableSchemaBuilder.java:246)
	at io.debezium.relational.TableSchemaBuilder.create(TableSchemaBuilder.java:138)
	at io.debezium.relational.RelationalDatabaseSchema.buildAndRegisterSchema(RelationalDatabaseSchema.java:130)
	at io.debezium.relational.HistorizedRelationalDatabaseSchema.recover(HistorizedRelationalDatabaseSchema.java:52)
	at com.ververica.cdc.connectors.mysql.debezium.task.context.StatefulTaskContext.validateAndLoadDatabaseHistory(StatefulTaskContext.java:163)
	at com.ververica.cdc.connectors.mysql.debezium.task.context.StatefulTaskContext.configure(StatefulTaskContext.java:114)
	at com.ververica.cdc.connectors.mysql.debezium.reader.SnapshotSplitReader.submitSplit(SnapshotSplitReader.java:93)
	at com.ververica.cdc.connectors.mysql.debezium.reader.SnapshotSplitReader.submitSplit(SnapshotSplitReader.java:64)
	at com.ververica.cdc.connectors.mysql.source.reader.MySqlSplitReader.checkSplitOrStartNext(MySqlSplitReader.java:163)
	at com.ververica.cdc.connectors.mysql.source.reader.MySqlSplitReader.fetch(MySqlSplitReader.java:73)
	at org.apache.flink.connector.base.source.reader.fetcher.FetchTask.run(FetchTask.java:58)
	at org.apache.flink.connector.base.source.reader.fetcher.SplitFetcher.runOnce(SplitFetcher.java:142)
	at org.apache.flink.connector.base.source.reader.fetcher.SplitFetcher.run(SplitFetcher.java:105)
	at java.util.concurrent.Executors$RunnableAdapter.call(Executors.java:511)
	at java.util.concurrent.FutureTask.run(FutureTask.java:266)
	at java.util.concurrent.ThreadPoolExecutor.runWorker(ThreadPoolExecutor.java:1149)
	at java.util.concurrent.ThreadPoolExecutor$Worker.run(ThreadPoolExecutor.java:624)
	at java.lang.Thread.run(Thread.java:750)
2023-04-05 15:59:19  [ Source Data Fetcher for Source: TableSourceScan(table=[[default_catalog, default_database, mysql_binlog]], fields=[id, name, description, weight]) -> NotNullEnforcer(fields=[id]) -> Sink: Collect table sink (1/1)#22:23363 ] - [ ERROR ]  Received uncaught exception.
java.lang.NoSuchMethodError: com.mysql.cj.CharsetMapping.getJavaEncodingForMysqlCharset(Ljava/lang/String;)Ljava/lang/String;
	at io.debezium.connector.mysql.MySqlValueConverters.charsetFor(MySqlValueConverters.java:331)
	at io.debezium.connector.mysql.MySqlValueConverters.converter(MySqlValueConverters.java:298)
	at io.debezium.relational.TableSchemaBuilder.createValueConverterFor(TableSchemaBuilder.java:400)
	at io.debezium.relational.TableSchemaBuilder.convertersForColumns(TableSchemaBuilder.java:321)
	at io.debezium.relational.TableSchemaBuilder.createValueGenerator(TableSchemaBuilder.java:246)
	at io.debezium.relational.TableSchemaBuilder.create(TableSchemaBuilder.java:138)
	at io.debezium.relational.RelationalDatabaseSchema.buildAndRegisterSchema(RelationalDatabaseSchema.java:130)
	at io.debezium.relational.HistorizedRelationalDatabaseSchema.recover(HistorizedRelationalDatabaseSchema.java:52)
	at com.ververica.cdc.connectors.mysql.debezium.task.context.StatefulTaskContext.validateAndLoadDatabaseHistory(StatefulTaskContext.java:163)
	at com.ververica.cdc.connectors.mysql.debezium.task.context.StatefulTaskContext.configure(StatefulTaskContext.java:114)
	at com.ververica.cdc.connectors.mysql.debezium.reader.SnapshotSplitReader.submitSplit(SnapshotSplitReader.java:93)
	at com.ververica.cdc.connectors.mysql.debezium.reader.SnapshotSplitReader.submitSplit(SnapshotSplitReader.java:64)
	at com.ververica.cdc.connectors.mysql.source.reader.MySqlSplitReader.checkSplitOrStartNext(MySqlSplitReader.java:163)
	at com.ververica.cdc.connectors.mysql.source.reader.MySqlSplitReader.fetch(MySqlSplitReader.java:73)
	at org.apache.flink.connector.base.source.reader.fetcher.FetchTask.run(FetchTask.java:58)
	at org.apache.flink.connector.base.source.reader.fetcher.SplitFetcher.runOnce(SplitFetcher.java:142)
	at org.apache.flink.connector.base.source.reader.fetcher.SplitFetcher.run(SplitFetcher.java:105)
	at java.util.concurrent.Executors$RunnableAdapter.call(Executors.java:511)
	at java.util.concurrent.FutureTask.run(FutureTask.java:266)
	at java.util.concurrent.ThreadPoolExecutor.runWorker(ThreadPoolExecutor.java:1149)
	at java.util.concurrent.ThreadPoolExecutor$Worker.run(ThreadPoolExecutor.java:624)
	at java.lang.Thread.run(Thread.java:750)
